<?xml version="1.0" encoding="UTF-8"?>
<testsuites name="Web Services" time="4" tests="1" failures="0" errors="0">
   <testsuite name="Web Services" tests="1" failures="0" errors="0" time="4" timestamp="2018-12-19 08:33:41" hostname="fdiazp - 7PH2BL2.itcol.com" id="Test Suites/Learning/Web Services">
      <properties>
         <property name="deviceName" value=""/>
         <property name="devicePlatform" value=""/>
         <property name="logFolder" value="C:\\Users\\fdiazp\\Documents\\Katalon studio\\Projects\\LearningWS\\Reports\\Learning\\Web Services\\20181219_083333"/>
         <property name="logFiles" value="C:\\Users\\fdiazp\\Documents\\Katalon studio\\Projects\\LearningWS\\Reports\\Learning\\Web Services\\20181219_083333\\execution0.log"/>
         <property name="attachments" value=""/>
         <property name="hostName" value="fdiazp - 7PH2BL2.itcol.com"/>
         <property name="hostAddress" value="192.168.56.1"/>
         <property name="os" value="Windows 10 64bit"/>
         <property name="katalonVersion" value="5.8.6.1"/>
      </properties>
      <testcase name="Test Cases/listUserTest/listUser" classname="Test Cases/listUserTest/listUser" status="PASSED">
         <system-out><![CDATA[2018-12-19 08:33:42 - [TEST_CASE][PASSED] - Test Cases/listUserTest/listUser: Test Cases/listUserTest/listUser

2018-12-19 08:33:42 - [TEST_STEP][PASSED] - sendRequest: Send request successfully

2018-12-19 08:33:44 - [MESSAGE][PASSED] - Send request successfully

2018-12-19 08:33:44 - [TEST_STEP][PASSED] - Statement - response = com.kms.katalon.core.webservice.keyword.WSBuiltInKeywords.sendRequestAndVerify(com.kms.katalon.core.testobject.ObjectRepository.findTestObject(userRestService/listUser)): Send request and verify the response successfully

2018-12-19 08:33:44 - [TEST_CASE][PASSED] - Start Test Case : Verification: Verification accomplished successfully

2018-12-19 08:33:45 - [TEST_STEP][PASSED] - Statement - request = com.kms.katalon.core.webservice.verification.WSResponseManager.getInstance().getCurrentRequest(): null

2018-12-19 08:33:45 - [TEST_STEP][PASSED] - Statement - response = com.kms.katalon.core.webservice.verification.WSResponseManager.getInstance().getCurrentResponse(): null

2018-12-19 08:33:45 - [TEST_STEP][PASSED] - verifyResponseStatusCode: Verify response status code successfully

2018-12-19 08:33:45 - [MESSAGE][PASSED] - Verify response status code successfully

2018-12-19 08:33:45 - [TEST_STEP][PASSED] - Statement - org.assertj.core.api.Assertions.assertThat(response.getStatusCode()).isEqualTo(200): null

2018-12-19 08:33:45 - [TEST_STEP][PASSED] - verifyElementPropertyValue: Verify element property value successfully

2018-12-19 08:33:45 - [MESSAGE][PASSED] - Verify element property value successfully

2018-12-19 08:33:45 - [MESSAGE][PASSED] - Verify response successfully

2018-12-19 08:33:45 - [MESSAGE][PASSED] - Send request and verify the response successfully

2018-12-19 08:33:45 - [TEST_STEP][PASSED] - verifyElementPropertyValue: Verify element property value successfully

2018-12-19 08:33:45 - [MESSAGE][PASSED] - Verify element property value successfully

2018-12-19 08:33:45 - [TEST_STEP][PASSED] - verifyElementPropertyValue: Verify element property value successfully

2018-12-19 08:33:45 - [MESSAGE][PASSED] - Verify element property value successfully

2018-12-19 08:33:45 - [TEST_STEP][PASSED] - verifyElementsCount: Verify element count successfully

2018-12-19 08:33:45 - [MESSAGE][PASSED] - Verify element count successfully

2018-12-19 08:33:45 - [TEST_STEP][PASSED] - verifyResponseStatusCodeInRange: Verify response status code successfully

2018-12-19 08:33:45 - [MESSAGE][PASSED] - Verify response status code successfully]]></system-out>
         <system-err><![CDATA[]]></system-err>
      </testcase>
      <system-out><![CDATA[2018-12-19 08:33:41 - [TEST_SUITE][PASSED] - Web Services: Test Cases/listUserTest/listUser]]></system-out>
      <system-err><![CDATA[]]></system-err>
   </testsuite>
</testsuites>
